[0m20:33:45.515989 [debug] [MainThread]: Sending event: {'category': 'dbt', 'action': 'invocation', 'label': 'start', 'context': [<snowplow_tracker.self_describing_json.SelfDescribingJson object at 0x000001B702988390>, <snowplow_tracker.self_describing_json.SelfDescribingJson object at 0x000001B703BE7710>, <snowplow_tracker.self_describing_json.SelfDescribingJson object at 0x000001B703BD9450>]}


============================== 20:33:45.535883 | c9d08b4c-3d0f-4f73-9ac5-19caf982d1cf ==============================
[0m20:33:45.535883 [info ] [MainThread]: Running with dbt=1.11.2
[0m20:33:45.535883 [debug] [MainThread]: running dbt with arguments {'static_parser': 'True', 'no_print': 'None', 'version_check': 'True', 'warn_error_options': 'WarnErrorOptionsV2(error=[], warn=[], silence=[])', 'target_path': 'None', 'printer_width': '80', 'write_json': 'True', 'introspect': 'True', 'log_cache_events': 'False', 'empty': 'None', 'cache_selected_only': 'False', 'log_format': 'default', 'debug': 'False', 'fail_fast': 'False', 'partial_parse': 'True', 'send_anonymous_usage_stats': 'True', 'quiet': 'False', 'warn_error': 'None', 'profiles_dir': 'C:\\Users\\charl\\.dbt', 'use_colors': 'True', 'invocation_command': 'dbt init clinical_monitoring', 'indirect_selection': 'eager', 'use_experimental_parser': 'False', 'log_path': 'logs'}
[0m20:33:45.562233 [info ] [MainThread]: Creating dbt configuration folder at C:\Users\charl\.dbt
[0m20:33:45.564153 [debug] [MainThread]: Starter project path: C:\Users\charl\AppData\Local\Programs\Python\Python311\Lib\site-packages\dbt\include\starter_project
[0m20:33:45.681584 [info ] [MainThread]: 
Your new dbt project "clinical_monitoring" was created!

For more information on how to configure the profiles.yml file,
please consult the dbt documentation here:

  https://docs.getdbt.com/docs/configure-your-profile

One more thing:

Need help? Don't hesitate to reach out to us via GitHub issues or on Slack:

  https://community.getdbt.com/

Happy modeling!

[0m20:33:45.681584 [info ] [MainThread]: Setting up your profile.
[0m20:43:29.365264 [info ] [MainThread]: Profile clinical_monitoring written to C:\Users\charl\.dbt\profiles.yml using target's profile_template.yml and your supplied values. Run 'dbt debug' to validate the connection.
[0m20:43:29.368072 [debug] [MainThread]: Command `dbt init` succeeded at 20:43:29.368072 after 584.00 seconds
[0m20:43:29.370085 [debug] [MainThread]: Sending event: {'category': 'dbt', 'action': 'invocation', 'label': 'end', 'context': [<snowplow_tracker.self_describing_json.SelfDescribingJson object at 0x000001B77C0D1950>, <snowplow_tracker.self_describing_json.SelfDescribingJson object at 0x000001B7029882D0>, <snowplow_tracker.self_describing_json.SelfDescribingJson object at 0x000001B703C3E710>]}
[0m20:43:29.370085 [debug] [MainThread]: Flushing usage events
[0m20:43:30.187744 [debug] [MainThread]: An error was encountered while trying to flush usage events
[0m20:51:40.795988 [debug] [MainThread]: Sending event: {'category': 'dbt', 'action': 'invocation', 'label': 'start', 'context': [<snowplow_tracker.self_describing_json.SelfDescribingJson object at 0x0000025F54A4A010>, <snowplow_tracker.self_describing_json.SelfDescribingJson object at 0x0000025F54A4BC90>, <snowplow_tracker.self_describing_json.SelfDescribingJson object at 0x0000025F54A4A190>]}


============================== 20:51:40.801933 | 88d96a5c-150b-4af8-b750-e4cb9f4843e0 ==============================
[0m20:51:40.801933 [info ] [MainThread]: Running with dbt=1.11.2
[0m20:51:40.803941 [debug] [MainThread]: running dbt with arguments {'static_parser': 'True', 'no_print': 'None', 'version_check': 'True', 'warn_error_options': 'WarnErrorOptionsV2(error=[], warn=[], silence=[])', 'target_path': 'None', 'printer_width': '80', 'write_json': 'True', 'empty': 'None', 'log_cache_events': 'False', 'introspect': 'True', 'cache_selected_only': 'False', 'log_format': 'default', 'debug': 'False', 'fail_fast': 'False', 'profiles_dir': 'C:\\Users\\charl\\.dbt', 'send_anonymous_usage_stats': 'True', 'quiet': 'False', 'warn_error': 'None', 'partial_parse': 'True', 'invocation_command': 'dbt debug', 'use_colors': 'True', 'indirect_selection': 'eager', 'use_experimental_parser': 'False', 'log_path': 'logs'}
[0m20:51:40.825429 [info ] [MainThread]: dbt version: 1.11.2
[0m20:51:40.832741 [info ] [MainThread]: python version: 3.11.9
[0m20:51:40.833302 [info ] [MainThread]: python path: C:\Users\charl\AppData\Local\Programs\Python\Python311\python.exe
[0m20:51:40.834619 [info ] [MainThread]: os info: Windows-10-10.0.26200-SP0
[0m20:51:41.094662 [info ] [MainThread]: Using profiles dir at C:\Users\charl\.dbt
[0m20:51:41.097911 [info ] [MainThread]: Using profiles.yml file at C:\Users\charl\.dbt\profiles.yml
[0m20:51:41.097911 [info ] [MainThread]: Using dbt_project.yml file at C:\Users\charl\Desktop\clinical_monitoring\dbt_project.yml
[0m20:51:41.100085 [info ] [MainThread]: adapter type: sqlserver
[0m20:51:41.101323 [info ] [MainThread]: adapter version: 1.9.0
[0m20:51:41.102677 [info ] [MainThread]: Configuration:
[0m20:51:41.102677 [info ] [MainThread]:   profiles.yml file [[32mOK found and valid[0m]
[0m20:51:41.104683 [info ] [MainThread]:   dbt_project.yml file [[31mERROR not found[0m]
[0m20:51:41.105706 [info ] [MainThread]: Required dependencies:
[0m20:51:41.105706 [debug] [MainThread]: Executing "git --help"
[0m20:51:41.197443 [debug] [MainThread]: STDOUT: "b"usage: git [-v | --version] [-h | --help] [-C <path>] [-c <name>=<value>]\n           [--exec-path[=<path>]] [--html-path] [--man-path] [--info-path]\n           [-p | --paginate | -P | --no-pager] [--no-replace-objects] [--no-lazy-fetch]\n           [--no-optional-locks] [--no-advice] [--bare] [--git-dir=<path>]\n           [--work-tree=<path>] [--namespace=<name>] [--config-env=<name>=<envvar>]\n           <command> [<args>]\n\nThese are common Git commands used in various situations:\n\nstart a working area (see also: git help tutorial)\n   clone      Clone a repository into a new directory\n   init       Create an empty Git repository or reinitialize an existing one\n\nwork on the current change (see also: git help everyday)\n   add        Add file contents to the index\n   mv         Move or rename a file, a directory, or a symlink\n   restore    Restore working tree files\n   rm         Remove files from the working tree and from the index\n\nexamine the history and state (see also: git help revisions)\n   bisect     Use binary search to find the commit that introduced a bug\n   diff       Show changes between commits, commit and working tree, etc\n   grep       Print lines matching a pattern\n   log        Show commit logs\n   show       Show various types of objects\n   status     Show the working tree status\n\ngrow, mark and tweak your common history\n   backfill   Download missing objects in a partial clone\n   branch     List, create, or delete branches\n   commit     Record changes to the repository\n   merge      Join two or more development histories together\n   rebase     Reapply commits on top of another base tip\n   reset      Reset current HEAD to the specified state\n   switch     Switch branches\n   tag        Create, list, delete or verify a tag object signed with GPG\n\ncollaborate (see also: git help workflows)\n   fetch      Download objects and refs from another repository\n   pull       Fetch from and integrate with another repository or a local branch\n   push       Update remote refs along with associated objects\n\n'git help -a' and 'git help -g' list available subcommands and some\nconcept guides. See 'git help <command>' or 'git help <concept>'\nto read about a specific subcommand or concept.\nSee 'git help git' for an overview of the system.\n""
[0m20:51:41.197443 [debug] [MainThread]: STDERR: "b''"
[0m20:51:41.199452 [info ] [MainThread]:  - git [[32mOK found[0m]

[0m20:51:41.199452 [info ] [MainThread]: Connection:
[0m20:51:41.199452 [info ] [MainThread]:   server: clinical-monitoring-server.database.windows.net
[0m20:51:41.199452 [info ] [MainThread]:   database: clinical_monitoring_db
[0m20:51:41.202247 [info ] [MainThread]:   schema: dbo
[0m20:51:41.202247 [info ] [MainThread]:   UID: sirichoktanasup.1@osu.edu
[0m20:51:41.202247 [info ] [MainThread]:   client_id: None
[0m20:51:41.202247 [info ] [MainThread]:   authentication: sql
[0m20:51:41.203975 [info ] [MainThread]:   encrypt: True
[0m20:51:41.203975 [info ] [MainThread]:   trust_cert: True
[0m20:51:41.205227 [info ] [MainThread]:   retries: 3
[0m20:51:41.205735 [info ] [MainThread]:   login_timeout: 0
[0m20:51:41.206791 [info ] [MainThread]:   query_timeout: 0
[0m20:51:41.206791 [info ] [MainThread]:   trace_flag: False
[0m20:51:41.206791 [info ] [MainThread]:   port: 1433
[0m20:51:41.208798 [info ] [MainThread]: Registered adapter: sqlserver=1.9.0
[0m20:51:41.459478 [debug] [MainThread]: Acquiring new sqlserver connection 'debug'
[0m20:51:41.463508 [debug] [MainThread]: Using sqlserver connection "debug"
[0m20:51:41.463508 [debug] [MainThread]: On debug: select 1 as id
[0m20:51:41.464995 [debug] [MainThread]: Opening a new connection, currently in state init
[0m20:51:41.464995 [debug] [MainThread]: sqlserver adapter: Using connection string: DRIVER={ODBC Driver 17 for SQL Server};SERVER=clinical-monitoring-server.database.windows.net,1433;Database=clinical_monitoring_db;UID={sirichoktanasup.1@osu.edu};PWD=***;encrypt=Yes;TrustServerCertificate=Yes;APP=dbt-sqlserver/1.9.0
[0m20:51:42.585973 [debug] [MainThread]: fabric adapter: Error running SQL: select 1 as id
[0m20:51:42.587991 [debug] [MainThread]: fabric adapter: Rolling back transaction.
[0m20:51:42.590009 [debug] [MainThread]: On debug: No close available on handle
[0m20:51:42.590009 [info ] [MainThread]:   Connection test: [[31mERROR[0m]

[0m20:51:42.592023 [info ] [MainThread]: [31m2 checks failed:[0m
[0m20:51:42.593472 [info ] [MainThread]: Project loading failed for the following reason:
 project path <C:\Users\charl\Desktop\clinical_monitoring\dbt_project.yml> not found

[0m20:51:42.595487 [info ] [MainThread]: dbt was unable to connect to the specified database.
The database returned the following error:

  >Database Error
  ('HY000', '[HY000] [Microsoft][ODBC Driver 17 for SQL Server][SQL Server]Cannot open server "osu.edu" requested by the login.  The login failed. (40532) (SQLDriverConnect); [HY000] [Microsoft][ODBC Driver 17 for SQL Server][SQL Server]Cannot open server "osu.edu" requested by the login.  The login failed. (40532)')

Check your database credentials and try again. For more information, visit:
https://docs.getdbt.com/docs/configure-your-profile


[0m20:51:42.598813 [debug] [MainThread]: Command `dbt debug` failed at 20:51:42.598813 after 1.94 seconds
[0m20:51:42.600828 [debug] [MainThread]: Connection 'debug' was properly closed.
[0m20:51:42.600828 [debug] [MainThread]: Sending event: {'category': 'dbt', 'action': 'invocation', 'label': 'end', 'context': [<snowplow_tracker.self_describing_json.SelfDescribingJson object at 0x0000025F4E04EE10>, <snowplow_tracker.self_describing_json.SelfDescribingJson object at 0x0000025F4E04EED0>, <snowplow_tracker.self_describing_json.SelfDescribingJson object at 0x0000025F54A57110>]}
[0m20:51:42.602804 [debug] [MainThread]: Flushing usage events
[0m20:51:43.315876 [debug] [MainThread]: An error was encountered while trying to flush usage events
[0m11:17:00.083120 [debug] [MainThread]: Sending event: {'category': 'dbt', 'action': 'invocation', 'label': 'start', 'context': [<snowplow_tracker.self_describing_json.SelfDescribingJson object at 0x000001FCE3D8BF10>, <snowplow_tracker.self_describing_json.SelfDescribingJson object at 0x000001FCE3DC0810>, <snowplow_tracker.self_describing_json.SelfDescribingJson object at 0x000001FCE3DC2210>]}


============================== 11:17:00.089046 | 8f646277-7962-41e2-8a31-221fe52a7476 ==============================
[0m11:17:00.089046 [info ] [MainThread]: Running with dbt=1.11.2
[0m11:17:00.089046 [debug] [MainThread]: running dbt with arguments {'version_check': 'True', 'no_print': 'None', 'static_parser': 'True', 'warn_error_options': 'WarnErrorOptionsV2(error=[], warn=[], silence=[])', 'target_path': 'None', 'printer_width': '80', 'write_json': 'True', 'empty': 'None', 'log_cache_events': 'False', 'introspect': 'True', 'cache_selected_only': 'False', 'fail_fast': 'False', 'debug': 'False', 'log_format': 'default', 'profiles_dir': 'C:\\Users\\charl\\.dbt', 'send_anonymous_usage_stats': 'True', 'quiet': 'False', 'warn_error': 'None', 'partial_parse': 'True', 'invocation_command': 'dbt debug', 'use_colors': 'True', 'indirect_selection': 'eager', 'use_experimental_parser': 'False', 'log_path': 'logs'}
[0m11:17:00.132870 [info ] [MainThread]: dbt version: 1.11.2
[0m11:17:00.132870 [info ] [MainThread]: python version: 3.11.9
[0m11:17:00.134876 [info ] [MainThread]: python path: C:\Users\charl\AppData\Local\Programs\Python\Python311\python.exe
[0m11:17:00.135488 [info ] [MainThread]: os info: Windows-10-10.0.26200-SP0
[0m11:17:04.522048 [info ] [MainThread]: Using profiles dir at C:\Users\charl\.dbt
[0m11:17:04.522048 [info ] [MainThread]: Using profiles.yml file at C:\Users\charl\.dbt\profiles.yml
[0m11:17:04.522048 [info ] [MainThread]: Using dbt_project.yml file at C:\Users\charl\Desktop\clinical_monitoring\dbt_project.yml
[0m11:17:04.522048 [info ] [MainThread]: adapter type: sqlserver
[0m11:17:04.538029 [info ] [MainThread]: adapter version: 1.9.0
[0m11:17:04.539085 [info ] [MainThread]: Configuration:
[0m11:17:04.539085 [info ] [MainThread]:   profiles.yml file [[32mOK found and valid[0m]
[0m11:17:04.539085 [info ] [MainThread]:   dbt_project.yml file [[31mERROR not found[0m]
[0m11:17:04.539085 [info ] [MainThread]: Required dependencies:
[0m11:17:04.542924 [debug] [MainThread]: Executing "git --help"
[0m11:17:04.647801 [debug] [MainThread]: STDOUT: "b"usage: git [-v | --version] [-h | --help] [-C <path>] [-c <name>=<value>]\n           [--exec-path[=<path>]] [--html-path] [--man-path] [--info-path]\n           [-p | --paginate | -P | --no-pager] [--no-replace-objects] [--no-lazy-fetch]\n           [--no-optional-locks] [--no-advice] [--bare] [--git-dir=<path>]\n           [--work-tree=<path>] [--namespace=<name>] [--config-env=<name>=<envvar>]\n           <command> [<args>]\n\nThese are common Git commands used in various situations:\n\nstart a working area (see also: git help tutorial)\n   clone      Clone a repository into a new directory\n   init       Create an empty Git repository or reinitialize an existing one\n\nwork on the current change (see also: git help everyday)\n   add        Add file contents to the index\n   mv         Move or rename a file, a directory, or a symlink\n   restore    Restore working tree files\n   rm         Remove files from the working tree and from the index\n\nexamine the history and state (see also: git help revisions)\n   bisect     Use binary search to find the commit that introduced a bug\n   diff       Show changes between commits, commit and working tree, etc\n   grep       Print lines matching a pattern\n   log        Show commit logs\n   show       Show various types of objects\n   status     Show the working tree status\n\ngrow, mark and tweak your common history\n   backfill   Download missing objects in a partial clone\n   branch     List, create, or delete branches\n   commit     Record changes to the repository\n   merge      Join two or more development histories together\n   rebase     Reapply commits on top of another base tip\n   reset      Reset current HEAD to the specified state\n   switch     Switch branches\n   tag        Create, list, delete or verify a tag object signed with GPG\n\ncollaborate (see also: git help workflows)\n   fetch      Download objects and refs from another repository\n   pull       Fetch from and integrate with another repository or a local branch\n   push       Update remote refs along with associated objects\n\n'git help -a' and 'git help -g' list available subcommands and some\nconcept guides. See 'git help <command>' or 'git help <concept>'\nto read about a specific subcommand or concept.\nSee 'git help git' for an overview of the system.\n""
[0m11:17:04.647801 [debug] [MainThread]: STDERR: "b''"
[0m11:17:04.647801 [info ] [MainThread]:  - git [[32mOK found[0m]

[0m11:17:04.647801 [info ] [MainThread]: Connection:
[0m11:17:04.651918 [info ] [MainThread]:   server: clinical-monitoring-server.database.windows.net
[0m11:17:04.651918 [info ] [MainThread]:   database: clinical_monitoring_db
[0m11:17:04.653333 [info ] [MainThread]:   schema: dbo
[0m11:17:04.653333 [info ] [MainThread]:   UID: dbt_admin
[0m11:17:04.653333 [info ] [MainThread]:   client_id: None
[0m11:17:04.653333 [info ] [MainThread]:   authentication: sql
[0m11:17:04.655788 [info ] [MainThread]:   encrypt: True
[0m11:17:04.655788 [info ] [MainThread]:   trust_cert: True
[0m11:17:04.657271 [info ] [MainThread]:   retries: 3
[0m11:17:04.658170 [info ] [MainThread]:   login_timeout: 0
[0m11:17:04.658170 [info ] [MainThread]:   query_timeout: 0
[0m11:17:04.660020 [info ] [MainThread]:   trace_flag: False
[0m11:17:04.660636 [info ] [MainThread]:   port: 1433
[0m11:17:04.660636 [info ] [MainThread]: Registered adapter: sqlserver=1.9.0
[0m11:17:05.130922 [debug] [MainThread]: Acquiring new sqlserver connection 'debug'
[0m11:17:05.130922 [debug] [MainThread]: Using sqlserver connection "debug"
[0m11:17:05.130922 [debug] [MainThread]: On debug: select 1 as id
[0m11:17:05.130922 [debug] [MainThread]: Opening a new connection, currently in state init
[0m11:17:05.130922 [debug] [MainThread]: sqlserver adapter: Using connection string: DRIVER={ODBC Driver 17 for SQL Server};SERVER=clinical-monitoring-server.database.windows.net,1433;Database=clinical_monitoring_db;UID={dbt_admin};PWD=***;encrypt=Yes;TrustServerCertificate=Yes;APP=dbt-sqlserver/1.9.0
[0m11:17:20.917100 [debug] [MainThread]: sqlserver adapter: Got a retryable error when attempting to open a sqlserver connection.
3 attempts remaining. Retrying in 1 seconds.
Error:
('08001', '[08001] [Microsoft][ODBC Driver 17 for SQL Server]TCP Provider: Timeout error [258].  (258) (SQLDriverConnect); [08001] [Microsoft][ODBC Driver 17 for SQL Server]Login timeout expired (0); [08001] [Microsoft][ODBC Driver 17 for SQL Server]Unable to complete login process due to delay in login response (258)')
[0m11:17:21.920177 [debug] [MainThread]: sqlserver adapter: Using connection string: DRIVER={ODBC Driver 17 for SQL Server};SERVER=clinical-monitoring-server.database.windows.net,1433;Database=clinical_monitoring_db;UID={dbt_admin};PWD=***;encrypt=Yes;TrustServerCertificate=Yes;APP=dbt-sqlserver/1.9.0
[0m11:17:37.443470 [debug] [MainThread]: sqlserver adapter: Got a retryable error when attempting to open a sqlserver connection.
2 attempts remaining. Retrying in 1 seconds.
Error:
('08001', '[08001] [Microsoft][ODBC Driver 17 for SQL Server]TCP Provider: Timeout error [258].  (258) (SQLDriverConnect); [08001] [Microsoft][ODBC Driver 17 for SQL Server]Login timeout expired (0); [08001] [Microsoft][ODBC Driver 17 for SQL Server]Unable to complete login process due to delay in login response (258)')
[0m11:17:38.445739 [debug] [MainThread]: sqlserver adapter: Using connection string: DRIVER={ODBC Driver 17 for SQL Server};SERVER=clinical-monitoring-server.database.windows.net,1433;Database=clinical_monitoring_db;UID={dbt_admin};PWD=***;encrypt=Yes;TrustServerCertificate=Yes;APP=dbt-sqlserver/1.9.0
[0m11:17:49.840206 [debug] [MainThread]: fabric adapter: Error running SQL: select 1 as id
[0m11:17:49.842222 [debug] [MainThread]: fabric adapter: Rolling back transaction.
[0m11:17:49.842222 [debug] [MainThread]: On debug: No close available on handle
[0m11:17:49.844235 [info ] [MainThread]:   Connection test: [[31mERROR[0m]

[0m11:17:49.844235 [info ] [MainThread]: [31m2 checks failed:[0m
[0m11:17:49.844235 [info ] [MainThread]: Project loading failed for the following reason:
 project path <C:\Users\charl\Desktop\clinical_monitoring\dbt_project.yml> not found

[0m11:17:49.844235 [info ] [MainThread]: dbt was unable to connect to the specified database.
The database returned the following error:

  >Database Error
  <built-in function connect> returned a result with an exception set

Check your database credentials and try again. For more information, visit:
https://docs.getdbt.com/docs/configure-your-profile


[0m11:17:49.851495 [debug] [MainThread]: Command `dbt debug` failed at 11:17:49.851495 after 49.86 seconds
[0m11:17:49.851495 [debug] [MainThread]: Connection 'debug' was properly closed.
[0m11:17:49.853981 [debug] [MainThread]: Sending event: {'category': 'dbt', 'action': 'invocation', 'label': 'end', 'context': [<snowplow_tracker.self_describing_json.SelfDescribingJson object at 0x000001FCE3DA6610>, <snowplow_tracker.self_describing_json.SelfDescribingJson object at 0x000001FCE55389D0>, <snowplow_tracker.self_describing_json.SelfDescribingJson object at 0x000001FCE3AFFC10>]}
[0m11:17:49.854496 [debug] [MainThread]: Flushing usage events
[0m11:17:51.077305 [debug] [MainThread]: An error was encountered while trying to flush usage events
[0m14:45:39.097511 [debug] [MainThread]: Sending event: {'category': 'dbt', 'action': 'invocation', 'label': 'start', 'context': [<snowplow_tracker.self_describing_json.SelfDescribingJson object at 0x0000023ABC5EF590>, <snowplow_tracker.self_describing_json.SelfDescribingJson object at 0x0000023ABC8491D0>, <snowplow_tracker.self_describing_json.SelfDescribingJson object at 0x0000023ABC505090>]}


============================== 14:45:39.102157 | 5895b778-710a-4918-af14-726c5d8209c6 ==============================
[0m14:45:39.102157 [info ] [MainThread]: Running with dbt=1.11.2
[0m14:45:39.102157 [debug] [MainThread]: running dbt with arguments {'version_check': 'True', 'no_print': 'None', 'static_parser': 'True', 'warn_error_options': 'WarnErrorOptionsV2(error=[], warn=[], silence=[])', 'target_path': 'None', 'printer_width': '80', 'write_json': 'True', 'empty': 'None', 'log_cache_events': 'False', 'introspect': 'True', 'cache_selected_only': 'False', 'log_format': 'default', 'debug': 'False', 'fail_fast': 'False', 'partial_parse': 'True', 'send_anonymous_usage_stats': 'True', 'quiet': 'False', 'warn_error': 'None', 'profiles_dir': 'C:\\Users\\charl\\.dbt', 'indirect_selection': 'eager', 'invocation_command': 'dbt docs generate', 'use_colors': 'True', 'use_experimental_parser': 'False', 'log_path': 'logs'}
[0m14:45:39.102157 [error] [MainThread]: Encountered an error:
Runtime Error
  No dbt_project.yml found at expected path C:\Users\charl\Desktop\clinical_monitoring\dbt_project.yml
  Verify that each entry within packages.yml (and their transitive dependencies) contains a file named dbt_project.yml
  
[0m14:45:39.110375 [debug] [MainThread]: Command `dbt docs generate` failed at 14:45:39.110375 after 0.28 seconds
[0m14:45:39.110375 [debug] [MainThread]: Sending event: {'category': 'dbt', 'action': 'invocation', 'label': 'end', 'context': [<snowplow_tracker.self_describing_json.SelfDescribingJson object at 0x0000023ABC857650>, <snowplow_tracker.self_describing_json.SelfDescribingJson object at 0x0000023ABC857C50>, <snowplow_tracker.self_describing_json.SelfDescribingJson object at 0x0000023ABC8573D0>]}
[0m14:45:39.110375 [debug] [MainThread]: Flushing usage events
[0m14:45:40.161268 [debug] [MainThread]: An error was encountered while trying to flush usage events
